0 info it worked if it ends with ok
1 verbose cli [ '/usr/bin/nodejs', '/usr/bin/npm', 'run', 'prod' ]
2 info using npm@3.10.10
3 info using node@v6.11.2
4 verbose run-script [ 'preprod', 'prod', 'postprod' ]
5 info lifecycle preact-test@1.0.0~preprod: preact-test@1.0.0
6 silly lifecycle preact-test@1.0.0~preprod: no script for preprod, continuing
7 info lifecycle preact-test@1.0.0~prod: preact-test@1.0.0
8 verbose lifecycle preact-test@1.0.0~prod: unsafe-perm in lifecycle true
9 verbose lifecycle preact-test@1.0.0~prod: PATH: /usr/lib/node_modules/npm/bin/node-gyp-bin:/home/k1r0s/Works/preact-test/node_modules/.bin:/usr/local/sbin:/usr/local/bin:/usr/sbin:/usr/bin:/sbin:/bin:/usr/games:/usr/local/games:/opt/node-v6.10.2-linux-x64/bin
10 verbose lifecycle preact-test@1.0.0~prod: CWD: /home/k1r0s/Works/preact-test
11 silly lifecycle preact-test@1.0.0~prod: Args: [ '-c',
11 silly lifecycle   'npm run build && npm run rename-public && npm run api:start' ]
12 silly lifecycle preact-test@1.0.0~prod: Returned: code: 1  signal: null
13 info lifecycle preact-test@1.0.0~prod: Failed to exec prod script
14 verbose stack Error: preact-test@1.0.0 prod: `npm run build && npm run rename-public && npm run api:start`
14 verbose stack Exit status 1
14 verbose stack     at EventEmitter.<anonymous> (/usr/lib/node_modules/npm/lib/utils/lifecycle.js:255:16)
14 verbose stack     at emitTwo (events.js:106:13)
14 verbose stack     at EventEmitter.emit (events.js:191:7)
14 verbose stack     at ChildProcess.<anonymous> (/usr/lib/node_modules/npm/lib/utils/spawn.js:40:14)
14 verbose stack     at emitTwo (events.js:106:13)
14 verbose stack     at ChildProcess.emit (events.js:191:7)
14 verbose stack     at maybeClose (internal/child_process.js:891:16)
14 verbose stack     at Process.ChildProcess._handle.onexit (internal/child_process.js:226:5)
15 verbose pkgid preact-test@1.0.0
16 verbose cwd /home/k1r0s/Works/preact-test
17 error Linux 4.4.0-75-generic
18 error argv "/usr/bin/nodejs" "/usr/bin/npm" "run" "prod"
19 error node v6.11.2
20 error npm  v3.10.10
21 error code ELIFECYCLE
22 error preact-test@1.0.0 prod: `npm run build && npm run rename-public && npm run api:start`
22 error Exit status 1
23 error Failed at the preact-test@1.0.0 prod script 'npm run build && npm run rename-public && npm run api:start'.
23 error Make sure you have the latest version of node.js and npm installed.
23 error If you do, this is most likely a problem with the preact-test package,
23 error not with npm itself.
23 error Tell the author that this fails on your system:
23 error     npm run build && npm run rename-public && npm run api:start
23 error You can get information on how to open an issue for this project with:
23 error     npm bugs preact-test
23 error Or if that isn't available, you can get their info via:
23 error     npm owner ls preact-test
23 error There is likely additional logging output above.
24 verbose exit [ 1, true ]
